..\..\lib\OpenGLSupport_vs2010_debug.pdb
C:\Users\jokeygeek\Desktop\Paper-Cutting System\build\Paper System\..\..\lib\OpenGLSupport_vs2010_debug.lib
C:\Users\jokeygeek\Desktop\Paper-Cutting System\build\Paper System\obj\x32\Debug\OpenGLSupport\CL.3776.read.1.tlog
C:\Users\jokeygeek\Desktop\Paper-Cutting System\build\Paper System\obj\x32\Debug\OpenGLSupport\CL.3776.write.1.tlog
C:\Users\jokeygeek\Desktop\Paper-Cutting System\build\Paper System\obj\x32\Debug\OpenGLSupport\CL.7928.read.1.tlog
C:\Users\jokeygeek\Desktop\Paper-Cutting System\build\Paper System\obj\x32\Debug\OpenGLSupport\CL.7928.write.1.tlog
C:\Users\jokeygeek\Desktop\Paper-Cutting System\build\Paper System\obj\x32\Debug\OpenGLSupport\CL.8468.read.1.tlog
C:\Users\jokeygeek\Desktop\Paper-Cutting System\build\Paper System\obj\x32\Debug\OpenGLSupport\CL.8468.write.1.tlog
C:\Users\jokeygeek\Desktop\Paper-Cutting System\build\Paper System\obj\x32\Debug\OpenGLSupport\CL.8480.read.1.tlog
C:\Users\jokeygeek\Desktop\Paper-Cutting System\build\Paper System\obj\x32\Debug\OpenGLSupport\CL.8480.write.1.tlog
C:\Users\jokeygeek\Desktop\Paper-Cutting System\build\Paper System\obj\x32\Debug\OpenGLSupport\CL.8496.read.1.tlog
C:\Users\jokeygeek\Desktop\Paper-Cutting System\build\Paper System\obj\x32\Debug\OpenGLSupport\CL.8496.write.1.tlog
C:\Users\jokeygeek\Desktop\Paper-Cutting System\build\Paper System\obj\x32\Debug\OpenGLSupport\CL.8532.read.1.tlog
C:\Users\jokeygeek\Desktop\Paper-Cutting System\build\Paper System\obj\x32\Debug\OpenGLSupport\CL.8532.write.1.tlog
C:\Users\jokeygeek\Desktop\Paper-Cutting System\build\Paper System\obj\x32\Debug\OpenGLSupport\CL.8564.read.1.tlog
C:\Users\jokeygeek\Desktop\Paper-Cutting System\build\Paper System\obj\x32\Debug\OpenGLSupport\CL.8564.write.1.tlog
C:\Users\jokeygeek\Desktop\Paper-Cutting System\build\Paper System\obj\x32\Debug\OpenGLSupport\CL.8652.read.1.tlog
C:\Users\jokeygeek\Desktop\Paper-Cutting System\build\Paper System\obj\x32\Debug\OpenGLSupport\CL.8652.write.1.tlog
C:\Users\jokeygeek\Desktop\Paper-Cutting System\build\Paper System\obj\x32\Debug\OpenGLSupport\cl.command.1.tlog
C:\Users\jokeygeek\Desktop\Paper-Cutting System\build\Paper System\obj\x32\Debug\OpenGLSupport\CL.read.1.tlog
C:\Users\jokeygeek\Desktop\Paper-Cutting System\build\Paper System\obj\x32\Debug\OpenGLSupport\cl.write.1.tlog
C:\Users\jokeygeek\Desktop\Paper-Cutting System\build\Paper System\obj\x32\Debug\OpenGLSupport\DemoApplication.obj
C:\Users\jokeygeek\Desktop\Paper-Cutting System\build\Paper System\obj\x32\Debug\OpenGLSupport\GL_DialogDynamicsWorld.obj
C:\Users\jokeygeek\Desktop\Paper-Cutting System\build\Paper System\obj\x32\Debug\OpenGLSupport\GL_DialogWindow.obj
C:\Users\jokeygeek\Desktop\Paper-Cutting System\build\Paper System\obj\x32\Debug\OpenGLSupport\GL_ShapeDrawer.obj
C:\Users\jokeygeek\Desktop\Paper-Cutting System\build\Paper System\obj\x32\Debug\OpenGLSupport\GL_Simplex1to4.obj
C:\Users\jokeygeek\Desktop\Paper-Cutting System\build\Paper System\obj\x32\Debug\OpenGLSupport\GLDebugDrawer.obj
C:\Users\jokeygeek\Desktop\Paper-Cutting System\build\Paper System\obj\x32\Debug\OpenGLSupport\GLDebugFont.obj
C:\Users\jokeygeek\Desktop\Paper-Cutting System\build\Paper System\obj\x32\Debug\OpenGLSupport\GlutDemoApplication.obj
C:\Users\jokeygeek\Desktop\Paper-Cutting System\build\Paper System\obj\x32\Debug\OpenGLSupport\GlutStuff.obj
C:\Users\jokeygeek\Desktop\Paper-Cutting System\build\Paper System\obj\x32\Debug\OpenGLSupport\lib.command.1.tlog
C:\Users\jokeygeek\Desktop\Paper-Cutting System\build\Paper System\obj\x32\Debug\OpenGLSupport\Lib-link.read.1.tlog
C:\Users\jokeygeek\Desktop\Paper-Cutting System\build\Paper System\obj\x32\Debug\OpenGLSupport\Lib-link.write.1.tlog
C:\Users\jokeygeek\Desktop\Paper-Cutting System\build\Paper System\obj\x32\Debug\OpenGLSupport\OpenGLSupport.write.1.tlog
C:\Users\jokeygeek\Desktop\Paper-Cutting System\build\Paper System\obj\x32\Debug\OpenGLSupport\RenderTexture.obj
C:\Users\jokeygeek\Desktop\Paper-Cutting System\build\Paper System\obj\x32\Debug\OpenGLSupport\stb_image.obj
C:\Users\jokeygeek\Desktop\Paper-Cutting System\build\Paper System\obj\x32\Debug\OpenGLSupport\Win32AppMain.obj
C:\Users\jokeygeek\Desktop\Paper-Cutting System\build\Paper System\obj\x32\Debug\OpenGLSupport\Win32DemoApplication.obj
C:\USERS\JOKEYGEEK\DESKTOP\PAPER-CUTTING SYSTEM\LIB\OPENGLSUPPORT_VS2010_DEBUG.LIB
C:\USERS\JOKEYGEEK\DESKTOP\PAPER-CUTTING SYSTEM\LIB\OPENGLSUPPORT_VS2010_DEBUG.PDB
