已經開始建置於 2015/3/3 下午 08:22:13。
     1>節點 2 (build 目標) 上的專案 "C:\Users\jokeygeek\Desktop\Paper-Cutting System\build\Paper System\App_SoftDemo.vcxproj"。
     1>InitializeBuildStatus:
         由於指定了 "AlwaysCreate"，因此正在建立 "obj\x32\Debug\App_SoftDemo\App_SoftDemo.unsuccessfulbuild"。
       ClCompile:
         所有輸出都是最新的。
       ResourceCompile:
         所有輸出都是最新的。
       ManifestResourceCompile:
         所有輸出都是最新的。
       Link:
         C:\Program Files (x86)\Microsoft Visual Studio 10.0\VC\bin\link.exe /ERRORREPORT:PROMPT /OUT:"..\..\App_SoftDemo_vs2010_debug.exe" /INCREMENTAL /NOLOGO /LIBPATH:..\..\LeapSDK\lib\x86 /LIBPATH:..\..\Glut opengl32.lib glew32s.lib glut32.lib ..\..\lib\OpenGLSupport_vs2010_debug.lib ..\..\lib\BulletSoftBody_vs2010_debug.lib ..\..\lib\BulletDynamics_vs2010_debug.lib ..\..\lib\BulletCollision_vs2010_debug.lib ..\..\lib\LinearMath_vs2010_debug.lib Leapd.lib kernel32.lib user32.lib gdi32.lib winspool.lib comdlg32.lib advapi32.lib shell32.lib ole32.lib oleaut32.lib uuid.lib odbc32.lib odbccp32.lib /MANIFEST /ManifestFile:"obj\x32\Debug\App_SoftDemo\App_SoftDemo_vs2010_debug.exe.intermediate.manifest" /MANIFESTUAC:"level='asInvoker' uiAccess='false'" /DEBUG /PDB:"C:\Users\jokeygeek\Desktop\Paper-Cutting System\App_SoftDemo_vs2010_debug.pdb" /SUBSYSTEM:CONSOLE /TLBID:1 /ENTRY:"mainCRTStartup" /DYNAMICBASE /NXCOMPAT /IMPLIB:"..\..\App_SoftDemo_vs2010_debug.lib" /MACHINE:X86 obj\x32\Debug\App_SoftDemo\bullet.res
         obj\x32\Debug\App_SoftDemo\App_SoftDemo_vs2010_debug.exe.embed.manifest.res
         obj\x32\Debug\App_SoftDemo\main.obj
         obj\x32\Debug\App_SoftDemo\SoftDemo.obj
         obj\x32\Debug\App_SoftDemo\MyLib.obj
       Manifest:
         C:\Program Files (x86)\Microsoft SDKs\Windows\v7.0A\bin\mt.exe /nologo /verbose /out:"obj\x32\Debug\App_SoftDemo\App_SoftDemo_vs2010_debug.exe.embed.manifest" /manifest obj\x32\Debug\App_SoftDemo\App_SoftDemo_vs2010_debug.exe.intermediate.manifest
         所有輸出都是最新的。
       LinkEmbedManifest:
         所有輸出都是最新的。
         App_SoftDemo.vcxproj -> C:\Users\jokeygeek\Desktop\Paper-Cutting System\build\Paper System\..\..\App_SoftDemo_vs2010_debug.exe
       FinalizeBuildStatus:
         正在刪除檔案 "obj\x32\Debug\App_SoftDemo\App_SoftDemo.unsuccessfulbuild"。
         正在變更時間戳記 "obj\x32\Debug\App_SoftDemo\App_SoftDemo.lastbuildstate"。
     1>專案 "C:\Users\jokeygeek\Desktop\Paper-Cutting System\build\Paper System\App_SoftDemo.vcxproj" (build 目標) 建置完成。

建置成功。

經過時間 00:00:00.82
