..\..\lib\BulletSoftBody_vs2010_debug.pdb
C:\Users\jokeygeek\Desktop\Paper-Cutting System\build\Paper System\..\..\lib\BulletSoftBody_vs2010_debug.lib
C:\Users\jokeygeek\Desktop\Paper-Cutting System\build\Paper System\obj\x32\Debug\BulletSoftBody\btDefaultSoftBodySolver.obj
C:\Users\jokeygeek\Desktop\Paper-Cutting System\build\Paper System\obj\x32\Debug\BulletSoftBody\btSoftBody.obj
C:\Users\jokeygeek\Desktop\Paper-Cutting System\build\Paper System\obj\x32\Debug\BulletSoftBody\btSoftBodyConcaveCollisionAlgorithm.obj
C:\Users\jokeygeek\Desktop\Paper-Cutting System\build\Paper System\obj\x32\Debug\BulletSoftBody\btSoftBodyHelpers.obj
C:\Users\jokeygeek\Desktop\Paper-Cutting System\build\Paper System\obj\x32\Debug\BulletSoftBody\btSoftBodyRigidBodyCollisionConfiguration.obj
C:\Users\jokeygeek\Desktop\Paper-Cutting System\build\Paper System\obj\x32\Debug\BulletSoftBody\btSoftRigidCollisionAlgorithm.obj
C:\Users\jokeygeek\Desktop\Paper-Cutting System\build\Paper System\obj\x32\Debug\BulletSoftBody\btSoftRigidDynamicsWorld.obj
C:\Users\jokeygeek\Desktop\Paper-Cutting System\build\Paper System\obj\x32\Debug\BulletSoftBody\btSoftSoftCollisionAlgorithm.obj
C:\Users\jokeygeek\Desktop\Paper-Cutting System\build\Paper System\obj\x32\Debug\BulletSoftBody\BulletSoftBody.write.1.tlog
C:\Users\jokeygeek\Desktop\Paper-Cutting System\build\Paper System\obj\x32\Debug\BulletSoftBody\CL.8060.read.1.tlog
C:\Users\jokeygeek\Desktop\Paper-Cutting System\build\Paper System\obj\x32\Debug\BulletSoftBody\CL.8060.write.1.tlog
C:\Users\jokeygeek\Desktop\Paper-Cutting System\build\Paper System\obj\x32\Debug\BulletSoftBody\CL.8232.read.1.tlog
C:\Users\jokeygeek\Desktop\Paper-Cutting System\build\Paper System\obj\x32\Debug\BulletSoftBody\CL.8232.write.1.tlog
C:\Users\jokeygeek\Desktop\Paper-Cutting System\build\Paper System\obj\x32\Debug\BulletSoftBody\CL.8648.read.1.tlog
C:\Users\jokeygeek\Desktop\Paper-Cutting System\build\Paper System\obj\x32\Debug\BulletSoftBody\CL.8648.write.1.tlog
C:\Users\jokeygeek\Desktop\Paper-Cutting System\build\Paper System\obj\x32\Debug\BulletSoftBody\CL.8788.read.1.tlog
C:\Users\jokeygeek\Desktop\Paper-Cutting System\build\Paper System\obj\x32\Debug\BulletSoftBody\CL.8788.write.1.tlog
C:\Users\jokeygeek\Desktop\Paper-Cutting System\build\Paper System\obj\x32\Debug\BulletSoftBody\CL.8792.read.1.tlog
C:\Users\jokeygeek\Desktop\Paper-Cutting System\build\Paper System\obj\x32\Debug\BulletSoftBody\CL.8792.write.1.tlog
C:\Users\jokeygeek\Desktop\Paper-Cutting System\build\Paper System\obj\x32\Debug\BulletSoftBody\CL.8840.read.1.tlog
C:\Users\jokeygeek\Desktop\Paper-Cutting System\build\Paper System\obj\x32\Debug\BulletSoftBody\CL.8840.write.1.tlog
C:\Users\jokeygeek\Desktop\Paper-Cutting System\build\Paper System\obj\x32\Debug\BulletSoftBody\CL.8844.read.1.tlog
C:\Users\jokeygeek\Desktop\Paper-Cutting System\build\Paper System\obj\x32\Debug\BulletSoftBody\CL.8844.write.1.tlog
C:\Users\jokeygeek\Desktop\Paper-Cutting System\build\Paper System\obj\x32\Debug\BulletSoftBody\CL.8876.read.1.tlog
C:\Users\jokeygeek\Desktop\Paper-Cutting System\build\Paper System\obj\x32\Debug\BulletSoftBody\CL.8876.write.1.tlog
C:\Users\jokeygeek\Desktop\Paper-Cutting System\build\Paper System\obj\x32\Debug\BulletSoftBody\cl.command.1.tlog
C:\Users\jokeygeek\Desktop\Paper-Cutting System\build\Paper System\obj\x32\Debug\BulletSoftBody\CL.read.1.tlog
C:\Users\jokeygeek\Desktop\Paper-Cutting System\build\Paper System\obj\x32\Debug\BulletSoftBody\cl.write.1.tlog
C:\Users\jokeygeek\Desktop\Paper-Cutting System\build\Paper System\obj\x32\Debug\BulletSoftBody\lib.command.1.tlog
C:\Users\jokeygeek\Desktop\Paper-Cutting System\build\Paper System\obj\x32\Debug\BulletSoftBody\Lib-link.read.1.tlog
C:\Users\jokeygeek\Desktop\Paper-Cutting System\build\Paper System\obj\x32\Debug\BulletSoftBody\Lib-link.write.1.tlog
C:\USERS\JOKEYGEEK\DESKTOP\PAPER-CUTTING SYSTEM\LIB\BULLETSOFTBODY_VS2010_DEBUG.LIB
C:\USERS\JOKEYGEEK\DESKTOP\PAPER-CUTTING SYSTEM\LIB\BULLETSOFTBODY_VS2010_DEBUG.PDB
